2020-10-29 00:00:03,961 INFO com.zvl.technical_task.TechnicalTaskApplication [main] Starting TechnicalTaskApplication on DESKTOP-J29MT8G with PID 3312 (D:\IdeaProjects\technical_task\target\classes started by Влад in D:\IdeaProjects\technical_task)
2020-10-29 00:00:04,015 DEBUG com.zvl.technical_task.TechnicalTaskApplication [main] Running with Spring Boot v2.3.4.RELEASE, Spring v5.2.9.RELEASE
2020-10-29 00:00:04,017 INFO com.zvl.technical_task.TechnicalTaskApplication [main] No active profile set, falling back to default profiles: default
2020-10-29 00:00:06,252 INFO org.springframework.data.repository.config.RepositoryConfigurationDelegate [main] Multiple Spring Data modules found, entering strict repository configuration mode!
2020-10-29 00:00:06,256 INFO org.springframework.data.repository.config.RepositoryConfigurationDelegate [main] Bootstrapping Spring Data JPA repositories in DEFERRED mode.
2020-10-29 00:00:06,429 INFO org.springframework.data.repository.config.RepositoryConfigurationExtensionSupport [main] Spring Data JPA - Could not safely identify store assignment for repository candidate interface com.zvl.technical_task.repository.VoicePrintRepository. If you want this repository to be a JPA repository, consider annotating your entities with one of these annotations: javax.persistence.Entity, javax.persistence.MappedSuperclass (preferred), or consider extending one of the following types with your repository: org.springframework.data.jpa.repository.JpaRepository.
2020-10-29 00:00:06,528 INFO org.springframework.data.repository.config.RepositoryConfigurationDelegate [main] Finished Spring Data repository scanning in 241ms. Found 1 JPA repository interfaces.
2020-10-29 00:00:06,672 INFO org.springframework.data.repository.config.RepositoryConfigurationDelegate [main] Multiple Spring Data modules found, entering strict repository configuration mode!
2020-10-29 00:00:06,673 INFO org.springframework.data.repository.config.RepositoryConfigurationDelegate [main] Bootstrapping Spring Data MongoDB repositories in DEFAULT mode.
2020-10-29 00:00:06,683 INFO org.springframework.data.repository.config.RepositoryConfigurationExtensionSupport [main] Spring Data MongoDB - Could not safely identify store assignment for repository candidate interface com.zvl.technical_task.repository.UserRepository. If you want this repository to be a MongoDB repository, consider annotating your entities with one of these annotations: org.springframework.data.mongodb.core.mapping.Document (preferred), or consider extending one of the following types with your repository: org.springframework.data.mongodb.repository.MongoRepository.
2020-10-29 00:00:06,693 INFO org.springframework.data.repository.config.RepositoryConfigurationDelegate [main] Finished Spring Data repository scanning in 18ms. Found 1 MongoDB repository interfaces.
2020-10-29 00:00:09,314 INFO org.springframework.boot.web.embedded.tomcat.TomcatWebServer [main] Tomcat initialized with port(s): 8080 (http)
2020-10-29 00:00:09,350 INFO org.apache.coyote.http11.Http11NioProtocol [main] Initializing ProtocolHandler ["http-nio-8080"]
2020-10-29 00:00:09,352 INFO org.apache.catalina.core.StandardService [main] Starting service [Tomcat]
2020-10-29 00:00:09,356 INFO org.apache.catalina.core.StandardEngine [main] Starting Servlet engine: [Apache Tomcat/9.0.38]
2020-10-29 00:00:10,850 INFO org.apache.catalina.core.ContainerBase.[Tomcat].[localhost].[/] [main] Initializing Spring embedded WebApplicationContext
2020-10-29 00:00:10,851 INFO org.springframework.boot.web.servlet.context.ServletWebServerApplicationContext [main] Root WebApplicationContext: initialization completed in 6627 ms
2020-10-29 00:00:11,717 INFO org.springframework.scheduling.concurrent.ThreadPoolTaskExecutor [main] Initializing ExecutorService 'applicationTaskExecutor'
2020-10-29 00:00:11,847 INFO org.hibernate.jpa.internal.util.LogHelper [task-1] HHH000204: Processing PersistenceUnitInfo [name: default]
2020-10-29 00:00:12,033 INFO org.hibernate.Version [task-1] HHH000412: Hibernate ORM core version 5.4.21.Final
2020-10-29 00:00:12,102 WARN org.springframework.boot.autoconfigure.orm.jpa.JpaBaseConfiguration$JpaWebConfiguration [main] spring.jpa.open-in-view is enabled by default. Therefore, database queries may be performed during view rendering. Explicitly configure spring.jpa.open-in-view to disable this warning
2020-10-29 00:00:12,803 INFO org.hibernate.annotations.common.Version [task-1] HCANN000001: Hibernate Commons Annotations {5.1.0.Final}
2020-10-29 00:00:13,172 INFO com.zaxxer.hikari.HikariDataSource [task-1] HikariPool-1 - Starting...
2020-10-29 00:00:13,178 WARN com.zaxxer.hikari.util.DriverDataSource [task-1] Registered driver with driverClassName=com.mysql.jdbc.Driver was not found, trying direct instantiation.
2020-10-29 00:00:13,424 INFO org.mongodb.driver.cluster [main] Cluster created with settings {hosts=[ds333768.mlab.com:33768], mode=SINGLE, requiredClusterType=UNKNOWN, serverSelectionTimeout='30000 ms'}
2020-10-29 00:00:13,914 INFO org.mongodb.driver.connection [cluster-ClusterId{value='5f99e9ed73e2ca4119585fe5', description='null'}-ds333768.mlab.com:33768] Opened connection [connectionId{localValue:1, serverValue:18529416}] to ds333768.mlab.com:33768
2020-10-29 00:00:13,984 INFO org.mongodb.driver.cluster [cluster-ClusterId{value='5f99e9ed73e2ca4119585fe5', description='null'}-ds333768.mlab.com:33768] Monitor thread successfully connected to server with description ServerDescription{address=ds333768.mlab.com:33768, type=REPLICA_SET_PRIMARY, state=CONNECTED, ok=true, minWireVersion=0, maxWireVersion=6, maxDocumentSize=16777216, logicalSessionTimeoutMinutes=30, roundTripTimeNanos=64736200, setName='rs-ds333768', canonicalAddress=ds333768-a.mlab.com:33768, hosts=[ds333768-a.mlab.com:33768], passives=[], arbiters=[], primary='ds333768-a.mlab.com:33768', tagSet=TagSet{[]}, electionId=7fffffff0000000000000005, setVersion=1, lastWriteDate=Thu Oct 29 00:00:11 EET 2020, lastUpdateTimeNanos=126835373151200}
2020-10-29 00:00:14,755 INFO org.apache.coyote.http11.Http11NioProtocol [main] Starting ProtocolHandler ["http-nio-8080"]
2020-10-29 00:00:14,838 INFO org.springframework.boot.web.embedded.tomcat.TomcatWebServer [main] Tomcat started on port(s): 8080 (http) with context path ''
2020-10-29 00:00:14,840 INFO org.springframework.data.repository.config.DeferredRepositoryInitializationListener [main] Triggering deferred initialization of Spring Data repositories…
2020-10-29 00:00:16,110 INFO com.zaxxer.hikari.HikariDataSource [task-1] HikariPool-1 - Start completed.
2020-10-29 00:00:16,148 INFO org.hibernate.dialect.Dialect [task-1] HHH000400: Using dialect: org.hibernate.dialect.MySQL5Dialect
2020-10-29 00:00:18,694 INFO org.hibernate.engine.transaction.jta.platform.internal.JtaPlatformInitiator [task-1] HHH000490: Using JtaPlatform implementation: [org.hibernate.engine.transaction.jta.platform.internal.NoJtaPlatform]
2020-10-29 00:00:18,715 INFO org.springframework.orm.jpa.LocalContainerEntityManagerFactoryBean [task-1] Initialized JPA EntityManagerFactory for persistence unit 'default'
2020-10-29 00:00:19,080 INFO org.springframework.data.repository.config.DeferredRepositoryInitializationListener [main] Spring Data repositories initialized!
2020-10-29 00:00:19,106 INFO com.zvl.technical_task.TechnicalTaskApplication [main] Started TechnicalTaskApplication in 16.331 seconds (JVM running for 19.554)
2020-10-29 00:01:53,881 INFO org.apache.catalina.core.ContainerBase.[Tomcat].[localhost].[/] [http-nio-8080-exec-1] Initializing Spring DispatcherServlet 'dispatcherServlet'
2020-10-29 00:01:53,882 INFO org.springframework.web.servlet.DispatcherServlet [http-nio-8080-exec-1] Initializing Servlet 'dispatcherServlet'
2020-10-29 00:01:53,902 INFO org.springframework.web.servlet.DispatcherServlet [http-nio-8080-exec-1] Completed initialization in 20 ms
2020-10-29 00:01:54,205 INFO com.zvl.technical_task.controller.UserController [http-nio-8080-exec-1] Invocation of saveUserAndVoicePrint() method.
2020-10-29 00:01:54,247 WARN com.zaxxer.hikari.pool.PoolBase [http-nio-8080-exec-1] HikariPool-1 - Failed to validate connection com.mysql.cj.jdbc.ConnectionImpl@540fd6a3 (No operations allowed after connection closed.). Possibly consider using a shorter maxLifetime value.
2020-10-29 00:01:54,253 WARN com.zaxxer.hikari.pool.PoolBase [http-nio-8080-exec-1] HikariPool-1 - Failed to validate connection com.mysql.cj.jdbc.ConnectionImpl@7ea58bfd (No operations allowed after connection closed.). Possibly consider using a shorter maxLifetime value.
2020-10-29 00:01:55,311 INFO com.zvl.technical_task.controller.UserController [http-nio-8080-exec-1] Invocation of saveNewUser() method from UserService.
2020-10-29 00:01:55,312 INFO com.zvl.technical_task.controller.UserController [http-nio-8080-exec-1] setting userHasCode to voicePrint
2020-10-29 00:01:55,713 ERROR org.apache.catalina.core.ContainerBase.[Tomcat].[localhost].[/].[dispatcherServlet] [http-nio-8080-exec-1] Servlet.service() for servlet [dispatcherServlet] in context with path [] threw exception [Request processing failed; nested exception is java.lang.NullPointerException] with root cause
java.lang.NullPointerException: null
	at com.zvl.technical_task.service.VoicePrintService.saveNewVoicePrint(VoicePrintService.java:18)
	at com.zvl.technical_task.controller.UserController.saveUserAndVoicePrint(UserController.java:31)
	at sun.reflect.NativeMethodAccessorImpl.invoke0(Native Method)
	at sun.reflect.NativeMethodAccessorImpl.invoke(NativeMethodAccessorImpl.java:62)
	at sun.reflect.DelegatingMethodAccessorImpl.invoke(DelegatingMethodAccessorImpl.java:43)
	at java.lang.reflect.Method.invoke(Method.java:498)
	at org.springframework.web.method.support.InvocableHandlerMethod.doInvoke(InvocableHandlerMethod.java:190)
	at org.springframework.web.method.support.InvocableHandlerMethod.invokeForRequest(InvocableHandlerMethod.java:138)
	at org.springframework.web.servlet.mvc.method.annotation.ServletInvocableHandlerMethod.invokeAndHandle(ServletInvocableHandlerMethod.java:105)
	at org.springframework.web.servlet.mvc.method.annotation.RequestMappingHandlerAdapter.invokeHandlerMethod(RequestMappingHandlerAdapter.java:878)
	at org.springframework.web.servlet.mvc.method.annotation.RequestMappingHandlerAdapter.handleInternal(RequestMappingHandlerAdapter.java:792)
	at org.springframework.web.servlet.mvc.method.AbstractHandlerMethodAdapter.handle(AbstractHandlerMethodAdapter.java:87)
	at org.springframework.web.servlet.DispatcherServlet.doDispatch(DispatcherServlet.java:1040)
	at org.springframework.web.servlet.DispatcherServlet.doService(DispatcherServlet.java:943)
	at org.springframework.web.servlet.FrameworkServlet.processRequest(FrameworkServlet.java:1006)
	at org.springframework.web.servlet.FrameworkServlet.doPost(FrameworkServlet.java:909)
	at javax.servlet.http.HttpServlet.service(HttpServlet.java:652)
	at org.springframework.web.servlet.FrameworkServlet.service(FrameworkServlet.java:883)
	at javax.servlet.http.HttpServlet.service(HttpServlet.java:733)
	at org.apache.catalina.core.ApplicationFilterChain.internalDoFilter(ApplicationFilterChain.java:231)
	at org.apache.catalina.core.ApplicationFilterChain.doFilter(ApplicationFilterChain.java:166)
	at org.apache.tomcat.websocket.server.WsFilter.doFilter(WsFilter.java:53)
	at org.apache.catalina.core.ApplicationFilterChain.internalDoFilter(ApplicationFilterChain.java:193)
	at org.apache.catalina.core.ApplicationFilterChain.doFilter(ApplicationFilterChain.java:166)
	at org.springframework.web.filter.RequestContextFilter.doFilterInternal(RequestContextFilter.java:100)
	at org.springframework.web.filter.OncePerRequestFilter.doFilter(OncePerRequestFilter.java:119)
	at org.apache.catalina.core.ApplicationFilterChain.internalDoFilter(ApplicationFilterChain.java:193)
	at org.apache.catalina.core.ApplicationFilterChain.doFilter(ApplicationFilterChain.java:166)
	at org.springframework.web.filter.FormContentFilter.doFilterInternal(FormContentFilter.java:93)
	at org.springframework.web.filter.OncePerRequestFilter.doFilter(OncePerRequestFilter.java:119)
	at org.apache.catalina.core.ApplicationFilterChain.internalDoFilter(ApplicationFilterChain.java:193)
	at org.apache.catalina.core.ApplicationFilterChain.doFilter(ApplicationFilterChain.java:166)
	at org.springframework.web.filter.CharacterEncodingFilter.doFilterInternal(CharacterEncodingFilter.java:201)
	at org.springframework.web.filter.OncePerRequestFilter.doFilter(OncePerRequestFilter.java:119)
	at org.apache.catalina.core.ApplicationFilterChain.internalDoFilter(ApplicationFilterChain.java:193)
	at org.apache.catalina.core.ApplicationFilterChain.doFilter(ApplicationFilterChain.java:166)
	at org.apache.catalina.core.StandardWrapperValve.invoke(StandardWrapperValve.java:202)
	at org.apache.catalina.core.StandardContextValve.invoke(StandardContextValve.java:97)
	at org.apache.catalina.authenticator.AuthenticatorBase.invoke(AuthenticatorBase.java:541)
	at org.apache.catalina.core.StandardHostValve.invoke(StandardHostValve.java:143)
	at org.apache.catalina.valves.ErrorReportValve.invoke(ErrorReportValve.java:92)
	at org.apache.catalina.core.StandardEngineValve.invoke(StandardEngineValve.java:78)
	at org.apache.catalina.connector.CoyoteAdapter.service(CoyoteAdapter.java:343)
	at org.apache.coyote.http11.Http11Processor.service(Http11Processor.java:374)
	at org.apache.coyote.AbstractProcessorLight.process(AbstractProcessorLight.java:65)
	at org.apache.coyote.AbstractProtocol$ConnectionHandler.process(AbstractProtocol.java:868)
	at org.apache.tomcat.util.net.NioEndpoint$SocketProcessor.doRun(NioEndpoint.java:1590)
	at org.apache.tomcat.util.net.SocketProcessorBase.run(SocketProcessorBase.java:49)
	at java.util.concurrent.ThreadPoolExecutor.runWorker(ThreadPoolExecutor.java:1149)
	at java.util.concurrent.ThreadPoolExecutor$Worker.run(ThreadPoolExecutor.java:624)
	at org.apache.tomcat.util.threads.TaskThread$WrappingRunnable.run(TaskThread.java:61)
	at java.lang.Thread.run(Thread.java:748)
2020-10-29 00:04:47,691 INFO com.zvl.technical_task.TechnicalTaskApplication [main] Starting TechnicalTaskApplication on DESKTOP-J29MT8G with PID 10656 (D:\IdeaProjects\technical_task\target\classes started by Влад in D:\IdeaProjects\technical_task)
2020-10-29 00:04:47,695 DEBUG com.zvl.technical_task.TechnicalTaskApplication [main] Running with Spring Boot v2.3.4.RELEASE, Spring v5.2.9.RELEASE
2020-10-29 00:04:47,696 INFO com.zvl.technical_task.TechnicalTaskApplication [main] No active profile set, falling back to default profiles: default
2020-10-29 00:04:49,975 INFO org.springframework.data.repository.config.RepositoryConfigurationDelegate [main] Multiple Spring Data modules found, entering strict repository configuration mode!
2020-10-29 00:04:49,978 INFO org.springframework.data.repository.config.RepositoryConfigurationDelegate [main] Bootstrapping Spring Data JPA repositories in DEFERRED mode.
2020-10-29 00:04:50,117 INFO org.springframework.data.repository.config.RepositoryConfigurationExtensionSupport [main] Spring Data JPA - Could not safely identify store assignment for repository candidate interface com.zvl.technical_task.repository.VoicePrintRepository. If you want this repository to be a JPA repository, consider annotating your entities with one of these annotations: javax.persistence.Entity, javax.persistence.MappedSuperclass (preferred), or consider extending one of the following types with your repository: org.springframework.data.jpa.repository.JpaRepository.
2020-10-29 00:04:50,180 INFO org.springframework.data.repository.config.RepositoryConfigurationDelegate [main] Finished Spring Data repository scanning in 179ms. Found 1 JPA repository interfaces.
2020-10-29 00:04:50,271 INFO org.springframework.data.repository.config.RepositoryConfigurationDelegate [main] Multiple Spring Data modules found, entering strict repository configuration mode!
2020-10-29 00:04:50,272 INFO org.springframework.data.repository.config.RepositoryConfigurationDelegate [main] Bootstrapping Spring Data MongoDB repositories in DEFAULT mode.
2020-10-29 00:04:50,281 INFO org.springframework.data.repository.config.RepositoryConfigurationExtensionSupport [main] Spring Data MongoDB - Could not safely identify store assignment for repository candidate interface com.zvl.technical_task.repository.UserRepository. If you want this repository to be a MongoDB repository, consider annotating your entities with one of these annotations: org.springframework.data.mongodb.core.mapping.Document (preferred), or consider extending one of the following types with your repository: org.springframework.data.mongodb.repository.MongoRepository.
2020-10-29 00:04:50,294 INFO org.springframework.data.repository.config.RepositoryConfigurationDelegate [main] Finished Spring Data repository scanning in 21ms. Found 1 MongoDB repository interfaces.
2020-10-29 00:04:52,640 INFO org.springframework.boot.web.embedded.tomcat.TomcatWebServer [main] Tomcat initialized with port(s): 8080 (http)
2020-10-29 00:04:52,670 INFO org.apache.coyote.http11.Http11NioProtocol [main] Initializing ProtocolHandler ["http-nio-8080"]
2020-10-29 00:04:52,672 INFO org.apache.catalina.core.StandardService [main] Starting service [Tomcat]
2020-10-29 00:04:52,673 INFO org.apache.catalina.core.StandardEngine [main] Starting Servlet engine: [Apache Tomcat/9.0.38]
2020-10-29 00:04:53,330 INFO org.apache.catalina.core.ContainerBase.[Tomcat].[localhost].[/] [main] Initializing Spring embedded WebApplicationContext
2020-10-29 00:04:53,336 INFO org.springframework.boot.web.servlet.context.ServletWebServerApplicationContext [main] Root WebApplicationContext: initialization completed in 5389 ms
2020-10-29 00:04:54,276 INFO org.springframework.scheduling.concurrent.ThreadPoolTaskExecutor [main] Initializing ExecutorService 'applicationTaskExecutor'
2020-10-29 00:04:54,573 INFO org.hibernate.jpa.internal.util.LogHelper [task-1] HHH000204: Processing PersistenceUnitInfo [name: default]
2020-10-29 00:04:54,784 INFO org.hibernate.Version [task-1] HHH000412: Hibernate ORM core version 5.4.21.Final
2020-10-29 00:04:54,905 WARN org.springframework.boot.autoconfigure.orm.jpa.JpaBaseConfiguration$JpaWebConfiguration [main] spring.jpa.open-in-view is enabled by default. Therefore, database queries may be performed during view rendering. Explicitly configure spring.jpa.open-in-view to disable this warning
2020-10-29 00:04:55,510 INFO org.hibernate.annotations.common.Version [task-1] HCANN000001: Hibernate Commons Annotations {5.1.0.Final}
2020-10-29 00:04:55,807 INFO com.zaxxer.hikari.HikariDataSource [task-1] HikariPool-1 - Starting...
2020-10-29 00:04:55,811 WARN com.zaxxer.hikari.util.DriverDataSource [task-1] Registered driver with driverClassName=com.mysql.jdbc.Driver was not found, trying direct instantiation.
2020-10-29 00:04:56,065 INFO org.mongodb.driver.cluster [main] Cluster created with settings {hosts=[ds333768.mlab.com:33768], mode=SINGLE, requiredClusterType=UNKNOWN, serverSelectionTimeout='30000 ms'}
2020-10-29 00:04:56,476 INFO org.mongodb.driver.connection [cluster-ClusterId{value='5f99eb082acd9429dc45bdf8', description='null'}-ds333768.mlab.com:33768] Opened connection [connectionId{localValue:1, serverValue:18530190}] to ds333768.mlab.com:33768
2020-10-29 00:04:56,549 INFO org.mongodb.driver.cluster [cluster-ClusterId{value='5f99eb082acd9429dc45bdf8', description='null'}-ds333768.mlab.com:33768] Monitor thread successfully connected to server with description ServerDescription{address=ds333768.mlab.com:33768, type=REPLICA_SET_PRIMARY, state=CONNECTED, ok=true, minWireVersion=0, maxWireVersion=6, maxDocumentSize=16777216, logicalSessionTimeoutMinutes=30, roundTripTimeNanos=67265300, setName='rs-ds333768', canonicalAddress=ds333768-a.mlab.com:33768, hosts=[ds333768-a.mlab.com:33768], passives=[], arbiters=[], primary='ds333768-a.mlab.com:33768', tagSet=TagSet{[]}, electionId=7fffffff0000000000000005, setVersion=1, lastWriteDate=Thu Oct 29 00:04:56 EET 2020, lastUpdateTimeNanos=127117938274800}
2020-10-29 00:04:57,265 INFO org.apache.coyote.http11.Http11NioProtocol [main] Starting ProtocolHandler ["http-nio-8080"]
2020-10-29 00:04:57,313 INFO org.springframework.boot.web.embedded.tomcat.TomcatWebServer [main] Tomcat started on port(s): 8080 (http) with context path ''
2020-10-29 00:04:57,316 INFO org.springframework.data.repository.config.DeferredRepositoryInitializationListener [main] Triggering deferred initialization of Spring Data repositories…
2020-10-29 00:04:58,115 INFO com.zaxxer.hikari.HikariDataSource [task-1] HikariPool-1 - Start completed.
2020-10-29 00:04:58,166 INFO org.hibernate.dialect.Dialect [task-1] HHH000400: Using dialect: org.hibernate.dialect.MySQL5Dialect
2020-10-29 00:05:00,100 INFO org.hibernate.engine.transaction.jta.platform.internal.JtaPlatformInitiator [task-1] HHH000490: Using JtaPlatform implementation: [org.hibernate.engine.transaction.jta.platform.internal.NoJtaPlatform]
2020-10-29 00:05:00,135 INFO org.springframework.orm.jpa.LocalContainerEntityManagerFactoryBean [task-1] Initialized JPA EntityManagerFactory for persistence unit 'default'
2020-10-29 00:05:00,403 INFO org.springframework.data.repository.config.DeferredRepositoryInitializationListener [main] Spring Data repositories initialized!
2020-10-29 00:05:00,420 INFO com.zvl.technical_task.TechnicalTaskApplication [main] Started TechnicalTaskApplication in 13.856 seconds (JVM running for 17.037)
2020-10-29 00:06:10,901 INFO com.zvl.technical_task.TechnicalTaskApplication [main] Starting TechnicalTaskApplication on DESKTOP-J29MT8G with PID 12488 (D:\IdeaProjects\technical_task\target\classes started by Влад in D:\IdeaProjects\technical_task)
2020-10-29 00:06:10,906 DEBUG com.zvl.technical_task.TechnicalTaskApplication [main] Running with Spring Boot v2.3.4.RELEASE, Spring v5.2.9.RELEASE
2020-10-29 00:06:10,907 INFO com.zvl.technical_task.TechnicalTaskApplication [main] No active profile set, falling back to default profiles: default
2020-10-29 00:06:13,097 INFO org.springframework.data.repository.config.RepositoryConfigurationDelegate [main] Multiple Spring Data modules found, entering strict repository configuration mode!
2020-10-29 00:06:13,100 INFO org.springframework.data.repository.config.RepositoryConfigurationDelegate [main] Bootstrapping Spring Data JPA repositories in DEFERRED mode.
2020-10-29 00:06:13,366 INFO org.springframework.data.repository.config.RepositoryConfigurationExtensionSupport [main] Spring Data JPA - Could not safely identify store assignment for repository candidate interface com.zvl.technical_task.repository.VoicePrintRepository. If you want this repository to be a JPA repository, consider annotating your entities with one of these annotations: javax.persistence.Entity, javax.persistence.MappedSuperclass (preferred), or consider extending one of the following types with your repository: org.springframework.data.jpa.repository.JpaRepository.
2020-10-29 00:06:13,442 INFO org.springframework.data.repository.config.RepositoryConfigurationDelegate [main] Finished Spring Data repository scanning in 239ms. Found 1 JPA repository interfaces.
2020-10-29 00:06:13,588 INFO org.springframework.data.repository.config.RepositoryConfigurationDelegate [main] Multiple Spring Data modules found, entering strict repository configuration mode!
2020-10-29 00:06:13,589 INFO org.springframework.data.repository.config.RepositoryConfigurationDelegate [main] Bootstrapping Spring Data MongoDB repositories in DEFAULT mode.
2020-10-29 00:06:13,632 INFO org.springframework.data.repository.config.RepositoryConfigurationExtensionSupport [main] Spring Data MongoDB - Could not safely identify store assignment for repository candidate interface com.zvl.technical_task.repository.UserRepository. If you want this repository to be a MongoDB repository, consider annotating your entities with one of these annotations: org.springframework.data.mongodb.core.mapping.Document (preferred), or consider extending one of the following types with your repository: org.springframework.data.mongodb.repository.MongoRepository.
2020-10-29 00:06:13,643 INFO org.springframework.data.repository.config.RepositoryConfigurationDelegate [main] Finished Spring Data repository scanning in 52ms. Found 1 MongoDB repository interfaces.
2020-10-29 00:06:15,976 INFO org.springframework.boot.web.embedded.tomcat.TomcatWebServer [main] Tomcat initialized with port(s): 8080 (http)
2020-10-29 00:06:16,002 INFO org.apache.coyote.http11.Http11NioProtocol [main] Initializing ProtocolHandler ["http-nio-8080"]
2020-10-29 00:06:16,007 INFO org.apache.catalina.core.StandardService [main] Starting service [Tomcat]
2020-10-29 00:06:16,008 INFO org.apache.catalina.core.StandardEngine [main] Starting Servlet engine: [Apache Tomcat/9.0.38]
2020-10-29 00:06:16,490 INFO org.apache.catalina.core.ContainerBase.[Tomcat].[localhost].[/] [main] Initializing Spring embedded WebApplicationContext
2020-10-29 00:06:16,498 INFO org.springframework.boot.web.servlet.context.ServletWebServerApplicationContext [main] Root WebApplicationContext: initialization completed in 5436 ms
2020-10-29 00:06:17,039 INFO org.springframework.scheduling.concurrent.ThreadPoolTaskExecutor [main] Initializing ExecutorService 'applicationTaskExecutor'
2020-10-29 00:06:17,143 INFO org.hibernate.jpa.internal.util.LogHelper [task-1] HHH000204: Processing PersistenceUnitInfo [name: default]
2020-10-29 00:06:17,298 INFO org.hibernate.Version [task-1] HHH000412: Hibernate ORM core version 5.4.21.Final
2020-10-29 00:06:17,393 INFO org.mongodb.driver.cluster [main] Cluster created with settings {hosts=[ds333768.mlab.com:33768], mode=SINGLE, requiredClusterType=UNKNOWN, serverSelectionTimeout='30000 ms'}
2020-10-29 00:06:18,013 INFO org.hibernate.annotations.common.Version [task-1] HCANN000001: Hibernate Commons Annotations {5.1.0.Final}
2020-10-29 00:06:18,140 INFO org.mongodb.driver.connection [cluster-ClusterId{value='5f99eb5912761c096677d770', description='null'}-ds333768.mlab.com:33768] Opened connection [connectionId{localValue:1, serverValue:18530400}] to ds333768.mlab.com:33768
2020-10-29 00:06:18,217 INFO org.mongodb.driver.cluster [cluster-ClusterId{value='5f99eb5912761c096677d770', description='null'}-ds333768.mlab.com:33768] Monitor thread successfully connected to server with description ServerDescription{address=ds333768.mlab.com:33768, type=REPLICA_SET_PRIMARY, state=CONNECTED, ok=true, minWireVersion=0, maxWireVersion=6, maxDocumentSize=16777216, logicalSessionTimeoutMinutes=30, roundTripTimeNanos=72038600, setName='rs-ds333768', canonicalAddress=ds333768-a.mlab.com:33768, hosts=[ds333768-a.mlab.com:33768], passives=[], arbiters=[], primary='ds333768-a.mlab.com:33768', tagSet=TagSet{[]}, electionId=7fffffff0000000000000005, setVersion=1, lastWriteDate=Thu Oct 29 00:06:09 EET 2020, lastUpdateTimeNanos=127199606647100}
2020-10-29 00:06:18,324 INFO com.zaxxer.hikari.HikariDataSource [task-1] HikariPool-1 - Starting...
2020-10-29 00:06:18,327 WARN com.zaxxer.hikari.util.DriverDataSource [task-1] Registered driver with driverClassName=com.mysql.jdbc.Driver was not found, trying direct instantiation.
2020-10-29 00:06:18,788 WARN org.springframework.boot.autoconfigure.orm.jpa.JpaBaseConfiguration$JpaWebConfiguration [main] spring.jpa.open-in-view is enabled by default. Therefore, database queries may be performed during view rendering. Explicitly configure spring.jpa.open-in-view to disable this warning
2020-10-29 00:06:19,946 INFO org.apache.coyote.http11.Http11NioProtocol [main] Starting ProtocolHandler ["http-nio-8080"]
2020-10-29 00:06:20,008 INFO org.springframework.boot.web.embedded.tomcat.TomcatWebServer [main] Tomcat started on port(s): 8080 (http) with context path ''
2020-10-29 00:06:20,011 INFO org.springframework.data.repository.config.DeferredRepositoryInitializationListener [main] Triggering deferred initialization of Spring Data repositories…
2020-10-29 00:06:20,992 INFO com.zaxxer.hikari.HikariDataSource [task-1] HikariPool-1 - Start completed.
2020-10-29 00:06:21,056 INFO org.hibernate.dialect.Dialect [task-1] HHH000400: Using dialect: org.hibernate.dialect.MySQL5Dialect
2020-10-29 00:06:22,896 INFO org.hibernate.engine.transaction.jta.platform.internal.JtaPlatformInitiator [task-1] HHH000490: Using JtaPlatform implementation: [org.hibernate.engine.transaction.jta.platform.internal.NoJtaPlatform]
2020-10-29 00:06:22,931 INFO org.springframework.orm.jpa.LocalContainerEntityManagerFactoryBean [task-1] Initialized JPA EntityManagerFactory for persistence unit 'default'
2020-10-29 00:06:23,189 INFO org.springframework.data.repository.config.DeferredRepositoryInitializationListener [main] Spring Data repositories initialized!
2020-10-29 00:06:23,206 INFO com.zvl.technical_task.TechnicalTaskApplication [main] Started TechnicalTaskApplication in 13.609 seconds (JVM running for 16.674)
2020-10-29 00:07:08,222 INFO org.apache.catalina.core.ContainerBase.[Tomcat].[localhost].[/] [http-nio-8080-exec-1] Initializing Spring DispatcherServlet 'dispatcherServlet'
2020-10-29 00:07:08,223 INFO org.springframework.web.servlet.DispatcherServlet [http-nio-8080-exec-1] Initializing Servlet 'dispatcherServlet'
2020-10-29 00:07:08,246 INFO org.springframework.web.servlet.DispatcherServlet [http-nio-8080-exec-1] Completed initialization in 23 ms
2020-10-29 00:07:08,488 INFO com.zvl.technical_task.controller.UserController [http-nio-8080-exec-1] Invocation of saveUserAndVoicePrint() method.
2020-10-29 00:07:08,944 INFO com.zvl.technical_task.controller.UserController [http-nio-8080-exec-1] Invocation of saveNewUser() method from UserService.
2020-10-29 00:07:08,945 INFO com.zvl.technical_task.controller.UserController [http-nio-8080-exec-1] setting userHasCode to voicePrint
2020-10-29 00:07:09,940 INFO org.mongodb.driver.connection [http-nio-8080-exec-1] Opened connection [connectionId{localValue:2, serverValue:18530541}] to ds333768.mlab.com:33768
2020-10-29 00:07:10,074 INFO com.zvl.technical_task.controller.UserController [http-nio-8080-exec-1] Invocation of saveNewVoicePrint() method from VoicePrintService.
2020-10-29 00:08:15,862 INFO com.zvl.technical_task.controller.UserController [http-nio-8080-exec-9] Invocation of saveUserAndVoicePrint() method.
2020-10-29 00:08:15,879 WARN com.zaxxer.hikari.pool.PoolBase [http-nio-8080-exec-9] HikariPool-1 - Failed to validate connection com.mysql.cj.jdbc.ConnectionImpl@178fec39 (No operations allowed after connection closed.). Possibly consider using a shorter maxLifetime value.
2020-10-29 00:08:15,892 WARN com.zaxxer.hikari.pool.PoolBase [http-nio-8080-exec-9] HikariPool-1 - Failed to validate connection com.mysql.cj.jdbc.ConnectionImpl@445f7d6e (No operations allowed after connection closed.). Possibly consider using a shorter maxLifetime value.
2020-10-29 00:08:16,804 INFO com.zvl.technical_task.controller.UserController [http-nio-8080-exec-9] Invocation of saveNewUser() method from UserService.
2020-10-29 00:08:16,805 INFO com.zvl.technical_task.controller.UserController [http-nio-8080-exec-9] setting userHasCode to voicePrint
2020-10-29 00:08:16,867 INFO com.zvl.technical_task.controller.UserController [http-nio-8080-exec-9] Invocation of saveNewVoicePrint() method from VoicePrintService.
2020-10-29 00:08:56,739 INFO com.zvl.technical_task.controller.UserController [http-nio-8080-exec-7] Invocation of saveUserAndVoicePrint() method.
2020-10-29 00:08:57,039 INFO com.zvl.technical_task.controller.UserController [http-nio-8080-exec-7] Invocation of saveNewUser() method from UserService.
2020-10-29 00:08:57,039 INFO com.zvl.technical_task.controller.UserController [http-nio-8080-exec-7] setting userHasCode to voicePrint
2020-10-29 00:08:57,100 INFO com.zvl.technical_task.controller.UserController [http-nio-8080-exec-7] Invocation of saveNewVoicePrint() method from VoicePrintService.
2020-10-29 00:09:10,757 INFO com.zvl.technical_task.controller.UserController [http-nio-8080-exec-5] Invocation of findVoicePrintByUserId() method with id: 1 parameter.
2020-10-29 00:09:11,241 INFO com.zvl.technical_task.controller.UserController [http-nio-8080-exec-5] Invocation of findUserById() method from userService.
2020-10-29 00:09:11,499 INFO com.zvl.technical_task.controller.UserController [http-nio-8080-exec-5] Found VoicePrint using findVoicePrintByUserHashCode() method from voicePrintService.
2020-10-29 00:09:19,418 INFO com.zvl.technical_task.controller.UserController [http-nio-8080-exec-3] Invocation of findVoicePrintByUserId() method with id: 11 parameter.
2020-10-29 00:09:19,849 INFO com.zvl.technical_task.controller.UserController [http-nio-8080-exec-3] Invocation of findUserById() method from userService.
2020-10-29 00:09:19,913 INFO com.zvl.technical_task.controller.UserController [http-nio-8080-exec-3] Found VoicePrint using findVoicePrintByUserHashCode() method from voicePrintService.
2020-10-29 00:09:26,596 INFO com.zvl.technical_task.controller.UserController [http-nio-8080-exec-2] Invocation of findVoicePrintByUserId() method with id: 21 parameter.
2020-10-29 00:09:27,018 INFO com.zvl.technical_task.controller.UserController [http-nio-8080-exec-2] Invocation of findUserById() method from userService.
2020-10-29 00:09:27,083 INFO com.zvl.technical_task.controller.UserController [http-nio-8080-exec-2] Found VoicePrint using findVoicePrintByUserHashCode() method from voicePrintService.
