2020-10-28 23:49:37,643 INFO com.zvl.technical_task.TechnicalTaskApplication [main] Starting TechnicalTaskApplication on DESKTOP-J29MT8G with PID 9512 (D:\IdeaProjects\technical_task\target\classes started by Влад in D:\IdeaProjects\technical_task)
2020-10-28 23:49:37,648 DEBUG com.zvl.technical_task.TechnicalTaskApplication [main] Running with Spring Boot v2.3.4.RELEASE, Spring v5.2.9.RELEASE
2020-10-28 23:49:37,650 INFO com.zvl.technical_task.TechnicalTaskApplication [main] No active profile set, falling back to default profiles: default
2020-10-28 23:49:40,163 INFO org.springframework.data.repository.config.RepositoryConfigurationDelegate [main] Multiple Spring Data modules found, entering strict repository configuration mode!
2020-10-28 23:49:40,168 INFO org.springframework.data.repository.config.RepositoryConfigurationDelegate [main] Bootstrapping Spring Data JPA repositories in DEFERRED mode.
2020-10-28 23:49:40,349 INFO org.springframework.data.repository.config.RepositoryConfigurationExtensionSupport [main] Spring Data JPA - Could not safely identify store assignment for repository candidate interface com.zvl.technical_task.repository.VoicePrintRepository. If you want this repository to be a JPA repository, consider annotating your entities with one of these annotations: javax.persistence.Entity, javax.persistence.MappedSuperclass (preferred), or consider extending one of the following types with your repository: org.springframework.data.jpa.repository.JpaRepository.
2020-10-28 23:49:40,393 INFO org.springframework.data.repository.config.RepositoryConfigurationDelegate [main] Finished Spring Data repository scanning in 168ms. Found 1 JPA repository interfaces.
2020-10-28 23:49:40,515 INFO org.springframework.data.repository.config.RepositoryConfigurationDelegate [main] Multiple Spring Data modules found, entering strict repository configuration mode!
2020-10-28 23:49:40,517 INFO org.springframework.data.repository.config.RepositoryConfigurationDelegate [main] Bootstrapping Spring Data MongoDB repositories in DEFAULT mode.
2020-10-28 23:49:40,526 INFO org.springframework.data.repository.config.RepositoryConfigurationExtensionSupport [main] Spring Data MongoDB - Could not safely identify store assignment for repository candidate interface com.zvl.technical_task.repository.UserRepository. If you want this repository to be a MongoDB repository, consider annotating your entities with one of these annotations: org.springframework.data.mongodb.core.mapping.Document (preferred), or consider extending one of the following types with your repository: org.springframework.data.mongodb.repository.MongoRepository.
2020-10-28 23:49:40,537 INFO org.springframework.data.repository.config.RepositoryConfigurationDelegate [main] Finished Spring Data repository scanning in 19ms. Found 1 MongoDB repository interfaces.
2020-10-28 23:49:42,372 INFO org.springframework.boot.web.embedded.tomcat.TomcatWebServer [main] Tomcat initialized with port(s): 8080 (http)
2020-10-28 23:49:42,410 INFO org.apache.coyote.http11.Http11NioProtocol [main] Initializing ProtocolHandler ["http-nio-8080"]
2020-10-28 23:49:42,412 INFO org.apache.catalina.core.StandardService [main] Starting service [Tomcat]
2020-10-28 23:49:42,413 INFO org.apache.catalina.core.StandardEngine [main] Starting Servlet engine: [Apache Tomcat/9.0.38]
2020-10-28 23:49:43,192 INFO org.apache.catalina.core.ContainerBase.[Tomcat].[localhost].[/] [main] Initializing Spring embedded WebApplicationContext
2020-10-28 23:49:43,199 INFO org.springframework.boot.web.servlet.context.ServletWebServerApplicationContext [main] Root WebApplicationContext: initialization completed in 5085 ms
2020-10-28 23:49:44,109 INFO org.springframework.scheduling.concurrent.ThreadPoolTaskExecutor [main] Initializing ExecutorService 'applicationTaskExecutor'
2020-10-28 23:49:44,256 INFO org.hibernate.jpa.internal.util.LogHelper [task-1] HHH000204: Processing PersistenceUnitInfo [name: default]
2020-10-28 23:49:44,687 INFO org.hibernate.Version [task-1] HHH000412: Hibernate ORM core version 5.4.21.Final
2020-10-28 23:49:45,999 INFO org.mongodb.driver.cluster [main] Cluster created with settings {hosts=[ds333768.mlab.com:33768], mode=SINGLE, requiredClusterType=UNKNOWN, serverSelectionTimeout='30000 ms'}
2020-10-28 23:49:46,175 INFO org.hibernate.annotations.common.Version [task-1] HCANN000001: Hibernate Commons Annotations {5.1.0.Final}
2020-10-28 23:49:46,912 INFO com.zaxxer.hikari.HikariDataSource [task-1] HikariPool-1 - Starting...
2020-10-28 23:49:46,923 WARN com.zaxxer.hikari.util.DriverDataSource [task-1] Registered driver with driverClassName=com.mysql.jdbc.Driver was not found, trying direct instantiation.
2020-10-28 23:49:47,063 INFO org.mongodb.driver.connection [cluster-ClusterId{value='5f99e779733b1f5ee4468cc3', description='null'}-ds333768.mlab.com:33768] Opened connection [connectionId{localValue:1, serverValue:18527715}] to ds333768.mlab.com:33768
2020-10-28 23:49:47,134 INFO org.mongodb.driver.cluster [cluster-ClusterId{value='5f99e779733b1f5ee4468cc3', description='null'}-ds333768.mlab.com:33768] Monitor thread successfully connected to server with description ServerDescription{address=ds333768.mlab.com:33768, type=REPLICA_SET_PRIMARY, state=CONNECTED, ok=true, minWireVersion=0, maxWireVersion=6, maxDocumentSize=16777216, logicalSessionTimeoutMinutes=30, roundTripTimeNanos=66265700, setName='rs-ds333768', canonicalAddress=ds333768-a.mlab.com:33768, hosts=[ds333768-a.mlab.com:33768], passives=[], arbiters=[], primary='ds333768-a.mlab.com:33768', tagSet=TagSet{[]}, electionId=7fffffff0000000000000005, setVersion=1, lastWriteDate=Wed Oct 28 23:49:46 EET 2020, lastUpdateTimeNanos=126208524158300}
2020-10-28 23:49:47,866 WARN org.springframework.boot.web.servlet.context.AnnotationConfigServletWebServerApplicationContext [main] Exception encountered during context initialization - cancelling refresh attempt: org.springframework.beans.factory.UnsatisfiedDependencyException: Error creating bean with name 'userController' defined in file [D:\IdeaProjects\technical_task\target\classes\com\zvl\technical_task\controller\UserController.class]: Unsatisfied dependency expressed through constructor parameter 1; nested exception is org.springframework.beans.factory.UnsatisfiedDependencyException: Error creating bean with name 'voicePrintService' defined in file [D:\IdeaProjects\technical_task\target\classes\com\zvl\technical_task\service\VoicePrintService.class]: Unsatisfied dependency expressed through constructor parameter 1; nested exception is org.springframework.beans.factory.NoSuchBeanDefinitionException: No qualifying bean of type 'org.modelmapper.ModelMapper' available: expected at least 1 bean which qualifies as autowire candidate. Dependency annotations: {}
2020-10-28 23:49:47,875 INFO org.springframework.orm.jpa.LocalContainerEntityManagerFactoryBean [main] Closing JPA EntityManagerFactory for persistence unit 'default'
2020-10-28 23:49:49,797 INFO com.zaxxer.hikari.HikariDataSource [task-1] HikariPool-1 - Start completed.
2020-10-28 23:49:49,832 INFO org.hibernate.dialect.Dialect [task-1] HHH000400: Using dialect: org.hibernate.dialect.MySQL5Dialect
2020-10-28 23:49:52,546 INFO org.hibernate.engine.transaction.jta.platform.internal.JtaPlatformInitiator [task-1] HHH000490: Using JtaPlatform implementation: [org.hibernate.engine.transaction.jta.platform.internal.NoJtaPlatform]
2020-10-28 23:49:52,582 INFO org.springframework.orm.jpa.LocalContainerEntityManagerFactoryBean [task-1] Initialized JPA EntityManagerFactory for persistence unit 'default'
2020-10-28 23:49:52,745 INFO org.springframework.scheduling.concurrent.ThreadPoolTaskExecutor [main] Shutting down ExecutorService 'applicationTaskExecutor'
2020-10-28 23:49:52,747 INFO com.zaxxer.hikari.HikariDataSource [main] HikariPool-1 - Shutdown initiated...
2020-10-28 23:49:52,761 INFO com.zaxxer.hikari.HikariDataSource [main] HikariPool-1 - Shutdown completed.
2020-10-28 23:49:52,768 INFO org.apache.catalina.core.StandardService [main] Stopping service [Tomcat]
2020-10-28 23:49:52,972 INFO org.springframework.boot.autoconfigure.logging.ConditionEvaluationReportLoggingListener [main] 

Error starting ApplicationContext. To display the conditions report re-run your application with 'debug' enabled.
2020-10-28 23:49:53,758 ERROR org.springframework.boot.diagnostics.LoggingFailureAnalysisReporter [main] 

***************************
APPLICATION FAILED TO START
***************************

Description:

Parameter 1 of constructor in com.zvl.technical_task.service.VoicePrintService required a bean of type 'org.modelmapper.ModelMapper' that could not be found.


Action:

Consider defining a bean of type 'org.modelmapper.ModelMapper' in your configuration.

